<?xml version="1.0" encoding="UTF-8"?>
<!-- Generated by org.testng.reporters.JUnitReportReporter -->
<testsuite skipped="0" hostname="DESKTOP-TIVI9NL" name="com.Keytrack.testcases.SmokeTestKeytrack" tests="4" failures="0" timestamp="10 Jul 2020 11:14:33 GMT" time="44.437" errors="0">
  <testcase name="loginApp" time="15.057" classname="com.Keytrack.testcases.SmokeTestKeytrack"/>
  <testcase name="VerifyingDropdowns" time="9.815" classname="com.Keytrack.testcases.SmokeTestKeytrack"/>
  <testcase name="CreateCompanies" time="18.118" classname="com.Keytrack.testcases.SmokeTestKeytrack"/>
  <testcase name="CreateUsers" time="1.447" classname="com.Keytrack.testcases.SmokeTestKeytrack"/>
</testsuite> <!-- com.Keytrack.testcases.SmokeTestKeytrack -->
