<?xml version="1.0" encoding="UTF-8"?>
<!-- Generated by org.testng.reporters.JUnitReportReporter -->
<testsuite skipped="0" hostname="DESKTOP-TIVI9NL" name="com.charmhealth.testcases.LoginTestCharmHealth" tests="1" failures="0" timestamp="22 Jun 2020 12:52:43 GMT" time="402.642" errors="0">
  <testcase name="loginApp" time="402.642" classname="com.charmhealth.testcases.LoginTestCharmHealth"/>
</testsuite> <!-- com.charmhealth.testcases.LoginTestCharmHealth -->
