<?xml version="1.0" encoding="UTF-8"?>
<!-- Generated by org.testng.reporters.JUnitReportReporter -->
<testsuite skipped="0" hostname="DESKTOP-TIVI9NL" name="com.charmhealth.testcases.Iteration_2" tests="1" failures="0" timestamp="14 Jun 2020 07:23:00 GMT" time="8.677" errors="0">
  <testcase name="loginApp" time="8.677" classname="com.charmhealth.testcases.Iteration_2"/>
</testsuite> <!-- com.charmhealth.testcases.Iteration_2 -->
